<?xml version="1.0" encoding="UTF-8"?>
<testng-results ignored="0" total="1" passed="1" failed="0" skipped="0">
  <reporter-output>
  </reporter-output>
  <suite started-at="2022-04-24T17:13:46 EDT" name="Default suite" finished-at="2022-04-24T17:13:46 EDT" duration-ms="665">
    <groups>
      <group name="cucumber">
        <method signature="AbstractTestNGCucumberTests.runScenario(io.cucumber.testng.PickleWrapper,io.cucumber.testng.FeatureWrapper)[pri:0, instance:testRunner.HomeDepotTestRunner@1aafa419]" name="runScenario" class="io.cucumber.testng.AbstractTestNGCucumberTests"/>
      </group> <!-- cucumber -->
    </groups>
    <test started-at="2022-04-24T17:13:46 EDT" name="Default test" finished-at="2022-04-24T17:13:46 EDT" duration-ms="665">
      <class name="testRunner.HomeDepotTestRunner">
        <test-method is-config="true" signature="setUpClass(org.testng.ITestContext)[pri:0, instance:testRunner.HomeDepotTestRunner@1aafa419]" started-at="2022-04-24T17:13:46 EDT" name="setUpClass" finished-at="2022-04-24T17:13:46 EDT" duration-ms="503" status="PASS">
          <params>
            <param index="0">
              <value>
                <![CDATA[org.testng.TestRunner@1fc0053e]]>
              </value>
            </param>
          </params>
          <reporter-output>
          </reporter-output>
        </test-method> <!-- setUpClass -->
        <test-method signature="runScenario(io.cucumber.testng.PickleWrapper,io.cucumber.testng.FeatureWrapper)[pri:0, instance:testRunner.HomeDepotTestRunner@1aafa419]" started-at="2022-04-24T17:13:46 EDT" name="runScenario" description="Runs Cucumber Scenarios" data-provider="scenarios" finished-at="2022-04-24T17:13:46 EDT" duration-ms="89" status="PASS">
          <params>
            <param index="0">
              <value>
                <![CDATA["add to cart button disable for non-deliverable items"]]>
              </value>
            </param>
            <param index="1">
              <value>
                <![CDATA["Add to cart button is disabled for unavailable items"]]>
              </value>
            </param>
          </params>
          <reporter-output>
          </reporter-output>
        </test-method> <!-- runScenario -->
        <test-method is-config="true" signature="tearDownClass()[pri:0, instance:testRunner.HomeDepotTestRunner@1aafa419]" started-at="2022-04-24T17:13:46 EDT" name="tearDownClass" finished-at="2022-04-24T17:13:46 EDT" duration-ms="31" status="PASS">
          <reporter-output>
          </reporter-output>
        </test-method> <!-- tearDownClass -->
      </class> <!-- testRunner.HomeDepotTestRunner -->
    </test> <!-- Default test -->
  </suite> <!-- Default suite -->
</testng-results>
